<?xml version="1.0" encoding="UTF-8"?>
<testng-results skipped="0" failed="0" ignored="0" total="5" passed="5">
  <reporter-output>
  </reporter-output>
  <suite name="SuiteName" duration-ms="44" started-at="2018-09-05T02:39:52Z" finished-at="2018-09-05T02:39:52Z">
    <groups>
    </groups>
    <test name="sanity test" duration-ms="22" started-at="2018-09-05T02:39:52Z" finished-at="2018-09-05T02:39:52Z">
      <class name="com.testng.order.TestCase2">
        <test-method status="PASS" signature="scenario1()[pri:0, instance:com.testng.order.TestCase2@7dc7cbad]" name="scenario1" duration-ms="4" started-at="2018-09-05T08:09:52Z" finished-at="2018-09-05T08:09:52Z">
          <reporter-output>
          </reporter-output>
        </test-method> <!-- scenario1 -->
      </class> <!-- com.testng.order.TestCase2 -->
      <class name="com.testng.order.TestCase1">
        <test-method status="PASS" signature="doBeforeTest()[pri:0, instance:com.testng.order.TestCase1@5419f379]" name="doBeforeTest" is-config="true" duration-ms="0" started-at="2018-09-05T08:09:52Z" finished-at="2018-09-05T08:09:52Z">
          <reporter-output>
          </reporter-output>
        </test-method> <!-- doBeforeTest -->
        <test-method status="PASS" signature="doBeforeTest()[pri:0, instance:com.testng.order.TestCase2@7dc7cbad]" name="doBeforeTest" is-config="true" duration-ms="0" started-at="2018-09-05T08:09:52Z" finished-at="2018-09-05T08:09:52Z">
          <reporter-output>
          </reporter-output>
        </test-method> <!-- doBeforeTest -->
        <test-method status="PASS" signature="unitLevel1()[pri:0, instance:com.testng.order.TestCase1@5419f379]" name="unitLevel1" duration-ms="1" started-at="2018-09-05T08:09:52Z" finished-at="2018-09-05T08:09:52Z">
          <reporter-output>
          </reporter-output>
        </test-method> <!-- unitLevel1 -->
        <test-method status="PASS" signature="doBeforeClass()[pri:0, instance:com.testng.order.TestCase1@5419f379]" name="doBeforeClass" is-config="true" duration-ms="0" started-at="2018-09-05T08:09:52Z" finished-at="2018-09-05T08:09:52Z">
          <reporter-output>
          </reporter-output>
        </test-method> <!-- doBeforeClass -->
        <test-method status="PASS" signature="doBeforeMethod()[pri:0, instance:com.testng.order.TestCase1@5419f379]" name="doBeforeMethod" is-config="true" duration-ms="0" started-at="2018-09-05T08:09:52Z" finished-at="2018-09-05T08:09:52Z">
          <reporter-output>
          </reporter-output>
        </test-method> <!-- doBeforeMethod -->
        <test-method status="PASS" signature="doAfterMethod()[pri:0, instance:com.testng.order.TestCase1@5419f379]" name="doAfterMethod" is-config="true" duration-ms="0" started-at="2018-09-05T08:09:52Z" finished-at="2018-09-05T08:09:52Z">
          <reporter-output>
          </reporter-output>
        </test-method> <!-- doAfterMethod -->
        <test-method status="PASS" signature="unitLevel2()[pri:0, instance:com.testng.order.TestCase1@5419f379]" name="unitLevel2" duration-ms="1" started-at="2018-09-05T08:09:52Z" finished-at="2018-09-05T08:09:52Z">
          <reporter-output>
          </reporter-output>
        </test-method> <!-- unitLevel2 -->
        <test-method status="PASS" signature="doBeforeMethod()[pri:0, instance:com.testng.order.TestCase1@5419f379]" name="doBeforeMethod" is-config="true" duration-ms="0" started-at="2018-09-05T08:09:52Z" finished-at="2018-09-05T08:09:52Z">
          <reporter-output>
          </reporter-output>
        </test-method> <!-- doBeforeMethod -->
        <test-method status="PASS" signature="doAfterClass()[pri:0, instance:com.testng.order.TestCase1@5419f379]" name="doAfterClass" is-config="true" duration-ms="0" started-at="2018-09-05T08:09:52Z" finished-at="2018-09-05T08:09:52Z">
          <reporter-output>
          </reporter-output>
        </test-method> <!-- doAfterClass -->
        <test-method status="PASS" signature="doAfterMethod()[pri:0, instance:com.testng.order.TestCase1@5419f379]" name="doAfterMethod" is-config="true" duration-ms="0" started-at="2018-09-05T08:09:52Z" finished-at="2018-09-05T08:09:52Z">
          <reporter-output>
          </reporter-output>
        </test-method> <!-- doAfterMethod -->
      </class> <!-- com.testng.order.TestCase1 -->
    </test> <!-- sanity test -->
    <test name="Acceptance test" duration-ms="4" started-at="2018-09-05T02:39:52Z" finished-at="2018-09-05T02:39:52Z">
      <class name="com.testng.order.TestCase3">
        <test-method status="PASS" signature="scenario2()[pri:0, instance:com.testng.order.TestCase3@5b275dab]" name="scenario2" duration-ms="0" started-at="2018-09-05T08:09:52Z" finished-at="2018-09-05T08:09:52Z">
          <reporter-output>
          </reporter-output>
        </test-method> <!-- scenario2 -->
        <test-method status="PASS" signature="doAfterSuite()[pri:0, instance:com.testng.order.TestCase3@5b275dab]" name="doAfterSuite" is-config="true" duration-ms="0" started-at="2018-09-05T08:09:52Z" finished-at="2018-09-05T08:09:52Z">
          <reporter-output>
          </reporter-output>
        </test-method> <!-- doAfterSuite -->
      </class> <!-- com.testng.order.TestCase3 -->
      <class name="com.testng.order.TestCase2">
        <test-method status="PASS" signature="doBeforeTest()[pri:0, instance:com.testng.order.TestCase2@523884b2]" name="doBeforeTest" is-config="true" duration-ms="0" started-at="2018-09-05T08:09:52Z" finished-at="2018-09-05T08:09:52Z">
          <reporter-output>
          </reporter-output>
        </test-method> <!-- doBeforeTest -->
        <test-method status="PASS" signature="scenario1()[pri:0, instance:com.testng.order.TestCase2@523884b2]" name="scenario1" duration-ms="1" started-at="2018-09-05T08:09:52Z" finished-at="2018-09-05T08:09:52Z">
          <reporter-output>
          </reporter-output>
        </test-method> <!-- scenario1 -->
        <test-method status="PASS" signature="doBeforeTest()[pri:0, instance:com.testng.order.TestCase3@5b275dab]" name="doBeforeTest" is-config="true" duration-ms="0" started-at="2018-09-05T08:09:52Z" finished-at="2018-09-05T08:09:52Z">
          <reporter-output>
          </reporter-output>
        </test-method> <!-- doBeforeTest -->
      </class> <!-- com.testng.order.TestCase2 -->
      <class name="com.testng.order.TestCase1">
        <test-method status="PASS" signature="doBeforeSuite()[pri:0, instance:com.testng.order.TestCase1@5419f379]" name="doBeforeSuite" is-config="true" duration-ms="7" started-at="2018-09-05T08:09:52Z" finished-at="2018-09-05T08:09:52Z">
          <reporter-output>
          </reporter-output>
        </test-method> <!-- doBeforeSuite -->
      </class> <!-- com.testng.order.TestCase1 -->
    </test> <!-- Acceptance test -->
  </suite> <!-- SuiteName -->
</testng-results>
