<?xml version="1.0" encoding="UTF-8"?>
<!-- Generated by org.testng.reporters.JUnitXMLReporter -->
<testsuite hostname="Hp-PC" ignored="0" name="Default test" tests="3" failures="0" timestamp="05 Sep 2018 02:35:04 GMT" time="0.026" errors="0">
  <testcase name="scenario1" time="0.006" classname="com.testng.order.TestCase2"/>
  <testcase name="unitLevel1" time="0.002" classname="com.testng.order.TestCase1"/>
  <testcase name="unitLevel2" time="0.001" classname="com.testng.order.TestCase1"/>
</testsuite> <!-- Default test -->
