<?xml version="1.0" encoding="UTF-8"?>
<!-- Generated by org.testng.reporters.JUnitXMLReporter -->
<testsuite hostname="Hp-PC" ignored="0" name="sanity test" tests="3" failures="0" timestamp="05 Sep 2018 02:39:52 GMT" time="0.022" errors="0">
  <testcase name="scenario1" time="0.004" classname="com.testng.order.TestCase2"/>
  <testcase name="unitLevel1" time="0.001" classname="com.testng.order.TestCase1"/>
  <testcase name="unitLevel2" time="0.001" classname="com.testng.order.TestCase1"/>
</testsuite> <!-- sanity test -->
