<?xml version="1.0" encoding="UTF-8"?>
<testng-results skipped="0" failed="0" ignored="0" total="2" passed="2">
  <reporter-output>
  </reporter-output>
  <suite name="Default suite" duration-ms="465" started-at="2018-09-06T06:35:27Z" finished-at="2018-09-06T06:35:28Z">
    <groups>
    </groups>
    <test name="Default test" duration-ms="465" started-at="2018-09-06T06:35:27Z" finished-at="2018-09-06T06:35:28Z">
      <class name="TestA">
        <test-method status="PASS" signature="testA(java.util.Hashtable)[pri:0, instance:TestA@5034c75a]" name="testA" duration-ms="6" started-at="2018-09-06T12:05:28Z" data-provider="getData" finished-at="2018-09-06T12:05:28Z">
          <params>
            <param index="0">
              <value>
                <![CDATA[{Col4=B4, RunMode=Y, Col3=B3, Col2=B2, Col1=B1}]]>
              </value>
            </param>
          </params>
          <reporter-output>
          </reporter-output>
        </test-method> <!-- testA -->
        <test-method status="PASS" signature="testA(java.util.Hashtable)[pri:0, instance:TestA@5034c75a]" name="testA" duration-ms="0" started-at="2018-09-06T12:05:28Z" data-provider="getData" finished-at="2018-09-06T12:05:28Z">
          <params>
            <param index="0">
              <value>
                <![CDATA[{Col4=B8, RunMode=N, Col3=B7, Col2=B6, Col1=B5}]]>
              </value>
            </param>
          </params>
          <reporter-output>
          </reporter-output>
        </test-method> <!-- testA -->
      </class> <!-- TestA -->
    </test> <!-- Default test -->
  </suite> <!-- Default suite -->
</testng-results>
